2025-09-02T11:31:32.925+05:30  INFO 34212 --- [USER-AUTHENTICATION-SERVICE] [restartedMain] c.k.h.CarerOutfitServerApplication       : Starting CarerOutfitServerApplication using Java 21.0.7 with PID 34212 (C:\Users\91798\OneDrive\Documents\Wipro_Capstone_Project\Hospital_Management_Project_Backend\UserAuth-Server\target\classes started by 91798 in C:\Users\91798\OneDrive\Documents\Wipro_Capstone_Project\Hospital_Management_Project_Backend\UserAuth-Server)
2025-09-02T11:31:32.934+05:30  INFO 34212 --- [USER-AUTHENTICATION-SERVICE] [restartedMain] c.k.h.CarerOutfitServerApplication       : No active profile set, falling back to 1 default profile: "default"
2025-09-02T11:31:33.017+05:30  INFO 34212 --- [USER-AUTHENTICATION-SERVICE] [restartedMain] o.s.c.c.c.ConfigServerConfigDataLoader   : Fetching config from server at : http://localhost:9095
2025-09-02T11:31:33.018+05:30  INFO 34212 --- [USER-AUTHENTICATION-SERVICE] [restartedMain] o.s.c.c.c.ConfigServerConfigDataLoader   : Located environment: name=USER-AUTHENTICATION-SERVICE, profiles=[default], label=null, version=2a306f42ab3b9e04f501f001d92459029558860a, state=
2025-09-02T11:31:33.022+05:30  INFO 34212 --- [USER-AUTHENTICATION-SERVICE] [restartedMain] .e.DevToolsPropertyDefaultsPostProcessor : Devtools property defaults active! Set 'spring.devtools.add-properties' to 'false' to disable
2025-09-02T11:31:33.022+05:30  INFO 34212 --- [USER-AUTHENTICATION-SERVICE] [restartedMain] .e.DevToolsPropertyDefaultsPostProcessor : For additional web related logging consider setting the 'logging.level.web' property to 'DEBUG'
2025-09-02T11:31:35.280+05:30  INFO 34212 --- [USER-AUTHENTICATION-SERVICE] [restartedMain] .s.d.r.c.RepositoryConfigurationDelegate : Bootstrapping Spring Data JPA repositories in DEFAULT mode.
2025-09-02T11:31:35.570+05:30  INFO 34212 --- [USER-AUTHENTICATION-SERVICE] [restartedMain] .s.d.r.c.RepositoryConfigurationDelegate : Finished Spring Data repository scanning in 276 ms. Found 2 JPA repository interfaces.
2025-09-02T11:31:36.014+05:30  INFO 34212 --- [USER-AUTHENTICATION-SERVICE] [restartedMain] o.s.cloud.context.scope.GenericScope     : BeanFactory id=269bd026-4429-325d-8614-97e9ea6fb383
2025-09-02T11:31:36.905+05:30  INFO 34212 --- [USER-AUTHENTICATION-SERVICE] [restartedMain] o.s.b.w.embedded.tomcat.TomcatWebServer  : Tomcat initialized with port 8087 (http)
2025-09-02T11:31:36.931+05:30  INFO 34212 --- [USER-AUTHENTICATION-SERVICE] [restartedMain] o.apache.catalina.core.StandardService   : Starting service [Tomcat]
2025-09-02T11:31:36.932+05:30  INFO 34212 --- [USER-AUTHENTICATION-SERVICE] [restartedMain] o.apache.catalina.core.StandardEngine    : Starting Servlet engine: [Apache Tomcat/10.1.44]
2025-09-02T11:31:37.042+05:30  INFO 34212 --- [USER-AUTHENTICATION-SERVICE] [restartedMain] o.a.c.c.C.[Tomcat].[localhost].[/]       : Initializing Spring embedded WebApplicationContext
2025-09-02T11:31:37.043+05:30  INFO 34212 --- [USER-AUTHENTICATION-SERVICE] [restartedMain] w.s.c.ServletWebServerApplicationContext : Root WebApplicationContext: initialization completed in 4020 ms
2025-09-02T11:31:37.520+05:30  INFO 34212 --- [USER-AUTHENTICATION-SERVICE] [restartedMain] o.hibernate.jpa.internal.util.LogHelper  : HHH000204: Processing PersistenceUnitInfo [name: default]
2025-09-02T11:31:37.640+05:30  INFO 34212 --- [USER-AUTHENTICATION-SERVICE] [restartedMain] org.hibernate.Version                    : HHH000412: Hibernate ORM core version 6.6.26.Final
2025-09-02T11:31:37.711+05:30  INFO 34212 --- [USER-AUTHENTICATION-SERVICE] [restartedMain] o.h.c.internal.RegionFactoryInitiator    : HHH000026: Second-level cache disabled
2025-09-02T11:31:38.239+05:30  INFO 34212 --- [USER-AUTHENTICATION-SERVICE] [restartedMain] o.s.o.j.p.SpringPersistenceUnitInfo      : No LoadTimeWeaver setup: ignoring JPA class transformer
2025-09-02T11:31:38.298+05:30  INFO 34212 --- [USER-AUTHENTICATION-SERVICE] [restartedMain] com.zaxxer.hikari.HikariDataSource       : HikariPool-1 - Starting...
2025-09-02T11:31:38.911+05:30  INFO 34212 --- [USER-AUTHENTICATION-SERVICE] [restartedMain] com.zaxxer.hikari.pool.HikariPool        : HikariPool-1 - Added connection com.mysql.cj.jdbc.ConnectionImpl@7a75cca8
2025-09-02T11:31:38.914+05:30  INFO 34212 --- [USER-AUTHENTICATION-SERVICE] [restartedMain] com.zaxxer.hikari.HikariDataSource       : HikariPool-1 - Start completed.
2025-09-02T11:31:39.113+05:30  INFO 34212 --- [USER-AUTHENTICATION-SERVICE] [restartedMain] org.hibernate.orm.connections.pooling    : HHH10001005: Database info:
	Database JDBC URL [Connecting through datasource 'HikariDataSource (HikariPool-1)']
	Database driver: undefined/unknown
	Database version: 8.0.42
	Autocommit mode: undefined/unknown
	Isolation level: undefined/unknown
	Minimum pool size: undefined/unknown
	Maximum pool size: undefined/unknown
2025-09-02T11:31:40.784+05:30  INFO 34212 --- [USER-AUTHENTICATION-SERVICE] [restartedMain] o.h.e.t.j.p.i.JtaPlatformInitiator       : HHH000489: No JTA platform available (set 'hibernate.transaction.jta.platform' to enable JTA platform integration)
2025-09-02T11:31:41.007+05:30  INFO 34212 --- [USER-AUTHENTICATION-SERVICE] [restartedMain] j.LocalContainerEntityManagerFactoryBean : Initialized JPA EntityManagerFactory for persistence unit 'default'
2025-09-02T11:31:41.940+05:30 DEBUG 34212 --- [USER-AUTHENTICATION-SERVICE] [restartedMain] org.hibernate.SQL                        : 
    select
        u1_0.id,
        u1_0.email,
        u1_0.name,
        u1_0.password,
        u1_0.user_role 
    from
        user u1_0 
    where
        u1_0.user_role=?
2025-09-02T11:31:42.017+05:30  INFO 34212 --- [USER-AUTHENTICATION-SERVICE] [restartedMain] c.k.h.services.auth.AuthServiceImpl      : Admin account already exists
2025-09-02T11:31:42.120+05:30  INFO 34212 --- [USER-AUTHENTICATION-SERVICE] [restartedMain] eAuthenticationProviderManagerConfigurer : Global AuthenticationManager configured with AuthenticationProvider bean with name authenticationProvider
2025-09-02T11:31:42.204+05:30  WARN 34212 --- [USER-AUTHENTICATION-SERVICE] [restartedMain] JpaBaseConfiguration$JpaWebConfiguration : spring.jpa.open-in-view is enabled by default. Therefore, database queries may be performed during view rendering. Explicitly configure spring.jpa.open-in-view to disable this warning
2025-09-02T11:31:42.908+05:30  INFO 34212 --- [USER-AUTHENTICATION-SERVICE] [restartedMain] o.s.b.a.e.web.EndpointLinksResolver      : Exposing 17 endpoints beneath base path '/actuator'
2025-09-02T11:31:43.888+05:30  INFO 34212 --- [USER-AUTHENTICATION-SERVICE] [restartedMain] o.s.b.d.a.OptionalLiveReloadServer       : LiveReload server is running on port 35729
2025-09-02T11:31:43.940+05:30  INFO 34212 --- [USER-AUTHENTICATION-SERVICE] [restartedMain] DiscoveryClientOptionalArgsConfiguration : Eureka HTTP Client uses RestTemplate.
2025-09-02T11:31:44.018+05:30  WARN 34212 --- [USER-AUTHENTICATION-SERVICE] [restartedMain] iguration$LoadBalancerCaffeineWarnLogger : Spring Cloud LoadBalancer is currently working with the default cache. While this cache implementation is useful for development and tests, it's recommended to use Caffeine cache in production.You can switch to using Caffeine cache, by adding it and org.springframework.cache.caffeine.CaffeineCacheManager to the classpath.
2025-09-02T11:31:44.139+05:30  INFO 34212 --- [USER-AUTHENTICATION-SERVICE] [restartedMain] o.s.c.n.eureka.InstanceInfoFactory       : Setting initial instance status as: STARTING
2025-09-02T11:31:44.190+05:30  INFO 34212 --- [USER-AUTHENTICATION-SERVICE] [restartedMain] com.netflix.discovery.DiscoveryClient    : Initializing Eureka in region us-east-1
2025-09-02T11:31:44.198+05:30  INFO 34212 --- [USER-AUTHENTICATION-SERVICE] [restartedMain] c.n.d.s.r.aws.ConfigClusterResolver      : Resolving eureka endpoints via configuration
2025-09-02T11:31:44.213+05:30  INFO 34212 --- [USER-AUTHENTICATION-SERVICE] [restartedMain] com.netflix.discovery.DiscoveryClient    : Disable delta property : false
2025-09-02T11:31:44.213+05:30  INFO 34212 --- [USER-AUTHENTICATION-SERVICE] [restartedMain] com.netflix.discovery.DiscoveryClient    : Single vip registry refresh property : null
2025-09-02T11:31:44.213+05:30  INFO 34212 --- [USER-AUTHENTICATION-SERVICE] [restartedMain] com.netflix.discovery.DiscoveryClient    : Force full registry fetch : false
2025-09-02T11:31:44.215+05:30  INFO 34212 --- [USER-AUTHENTICATION-SERVICE] [restartedMain] com.netflix.discovery.DiscoveryClient    : Application is null : false
2025-09-02T11:31:44.215+05:30  INFO 34212 --- [USER-AUTHENTICATION-SERVICE] [restartedMain] com.netflix.discovery.DiscoveryClient    : Registered Applications size is zero : true
2025-09-02T11:31:44.215+05:30  INFO 34212 --- [USER-AUTHENTICATION-SERVICE] [restartedMain] com.netflix.discovery.DiscoveryClient    : Application version is -1: true
2025-09-02T11:31:44.215+05:30  INFO 34212 --- [USER-AUTHENTICATION-SERVICE] [restartedMain] com.netflix.discovery.DiscoveryClient    : Getting all instance registry info from the eureka server
2025-09-02T11:31:44.647+05:30  INFO 34212 --- [USER-AUTHENTICATION-SERVICE] [restartedMain] com.netflix.discovery.DiscoveryClient    : The response status is 200
2025-09-02T11:31:44.650+05:30  INFO 34212 --- [USER-AUTHENTICATION-SERVICE] [restartedMain] com.netflix.discovery.DiscoveryClient    : Starting heartbeat executor: renew interval is: 30
2025-09-02T11:31:44.654+05:30  INFO 34212 --- [USER-AUTHENTICATION-SERVICE] [restartedMain] c.n.discovery.InstanceInfoReplicator     : InstanceInfoReplicator onDemand update allowed rate per min is 4
2025-09-02T11:31:44.657+05:30  INFO 34212 --- [USER-AUTHENTICATION-SERVICE] [restartedMain] com.netflix.discovery.DiscoveryClient    : Discovery Client initialized at timestamp 1756792904657 with initial instances count: 2
2025-09-02T11:31:44.667+05:30  INFO 34212 --- [USER-AUTHENTICATION-SERVICE] [restartedMain] o.s.c.n.e.s.EurekaServiceRegistry        : Registering application USER-AUTHENTICATION-SERVICE with eureka with status UP
2025-09-02T11:31:44.669+05:30  INFO 34212 --- [USER-AUTHENTICATION-SERVICE] [restartedMain] com.netflix.discovery.DiscoveryClient    : Saw local status change event StatusChangeEvent [timestamp=1756792904669, current=UP, previous=STARTING]
2025-09-02T11:31:44.670+05:30  WARN 34212 --- [USER-AUTHENTICATION-SERVICE] [restartedMain] c.n.discovery.InstanceInfoReplicator     : Ignoring onDemand update due to rate limiter
2025-09-02T11:31:44.674+05:30  INFO 34212 --- [USER-AUTHENTICATION-SERVICE] [DiscoveryClient-InstanceInfoReplicator-%d] com.netflix.discovery.DiscoveryClient    : DiscoveryClient_USER-AUTHENTICATION-SERVICE/KNRROHIT:USER-AUTHENTICATION-SERVICE:8087: registering service...
2025-09-02T11:31:44.713+05:30  INFO 34212 --- [USER-AUTHENTICATION-SERVICE] [restartedMain] o.s.b.w.embedded.tomcat.TomcatWebServer  : Tomcat started on port 8087 (http) with context path '/'
2025-09-02T11:31:44.715+05:30  INFO 34212 --- [USER-AUTHENTICATION-SERVICE] [restartedMain] .s.c.n.e.s.EurekaAutoServiceRegistration : Updating port to 8087
2025-09-02T11:31:44.767+05:30  INFO 34212 --- [USER-AUTHENTICATION-SERVICE] [restartedMain] c.k.h.CarerOutfitServerApplication       : Started CarerOutfitServerApplication in 13.968 seconds (process running for 15.337)
2025-09-02T11:31:44.773+05:30  INFO 34212 --- [USER-AUTHENTICATION-SERVICE] [DiscoveryClient-InstanceInfoReplicator-%d] com.netflix.discovery.DiscoveryClient    : DiscoveryClient_USER-AUTHENTICATION-SERVICE/KNRROHIT:USER-AUTHENTICATION-SERVICE:8087 - registration status: 204
2025-09-02T11:31:45.333+05:30  INFO 34212 --- [USER-AUTHENTICATION-SERVICE] [RMI TCP Connection(4)-127.0.0.1] o.a.c.c.C.[Tomcat].[localhost].[/]       : Initializing Spring DispatcherServlet 'dispatcherServlet'
2025-09-02T11:31:45.333+05:30  INFO 34212 --- [USER-AUTHENTICATION-SERVICE] [RMI TCP Connection(4)-127.0.0.1] o.s.web.servlet.DispatcherServlet        : Initializing Servlet 'dispatcherServlet'
2025-09-02T11:31:45.336+05:30  INFO 34212 --- [USER-AUTHENTICATION-SERVICE] [RMI TCP Connection(4)-127.0.0.1] o.s.web.servlet.DispatcherServlet        : Completed initialization in 3 ms
2025-09-02T11:35:33.297+05:30  INFO 34212 --- [USER-AUTHENTICATION-SERVICE] [http-nio-8087-exec-1] c.k.h.config.JwtAuthenticationFilter     : Successful JWT authentication for user: ramesh.varma@example.com with role: DOCTOR
2025-09-02T11:35:33.712+05:30 DEBUG 34212 --- [USER-AUTHENTICATION-SERVICE] [http-nio-8087-exec-1] org.hibernate.SQL                        : 
    select
        u1_0.id,
        u1_0.email,
        u1_0.name,
        u1_0.password,
        u1_0.user_role 
    from
        user u1_0 
    where
        u1_0.email=? 
    limit
        ?
2025-09-02T11:35:33.933+05:30 DEBUG 34212 --- [USER-AUTHENTICATION-SERVICE] [http-nio-8087-exec-1] org.hibernate.SQL                        : 
    select
        u1_0.id,
        u1_0.email,
        u1_0.name,
        u1_0.password,
        u1_0.user_role 
    from
        user u1_0 
    where
        u1_0.email=? 
    limit
        ?
2025-09-02T11:35:33.939+05:30 DEBUG 34212 --- [USER-AUTHENTICATION-SERVICE] [http-nio-8087-exec-1] org.hibernate.SQL                        : 
    select
        u1_0.id,
        u1_0.email,
        u1_0.name,
        u1_0.password,
        u1_0.user_role 
    from
        user u1_0 
    where
        u1_0.email=? 
    limit
        ?
2025-09-02T11:36:44.219+05:30  INFO 34212 --- [USER-AUTHENTICATION-SERVICE] [AsyncResolver-bootstrap-executor-%d] c.n.d.s.r.aws.ConfigClusterResolver      : Resolving eureka endpoints via configuration
2025-09-02T11:41:44.228+05:30  INFO 34212 --- [USER-AUTHENTICATION-SERVICE] [AsyncResolver-bootstrap-executor-%d] c.n.d.s.r.aws.ConfigClusterResolver      : Resolving eureka endpoints via configuration
2025-09-02T11:46:44.244+05:30  INFO 34212 --- [USER-AUTHENTICATION-SERVICE] [AsyncResolver-bootstrap-executor-%d] c.n.d.s.r.aws.ConfigClusterResolver      : Resolving eureka endpoints via configuration
2025-09-02T11:51:44.252+05:30  INFO 34212 --- [USER-AUTHENTICATION-SERVICE] [AsyncResolver-bootstrap-executor-%d] c.n.d.s.r.aws.ConfigClusterResolver      : Resolving eureka endpoints via configuration
2025-09-02T11:56:44.257+05:30  INFO 34212 --- [USER-AUTHENTICATION-SERVICE] [AsyncResolver-bootstrap-executor-%d] c.n.d.s.r.aws.ConfigClusterResolver      : Resolving eureka endpoints via configuration
2025-09-02T12:01:44.264+05:30  INFO 34212 --- [USER-AUTHENTICATION-SERVICE] [AsyncResolver-bootstrap-executor-%d] c.n.d.s.r.aws.ConfigClusterResolver      : Resolving eureka endpoints via configuration
2025-09-02T12:06:44.279+05:30  INFO 34212 --- [USER-AUTHENTICATION-SERVICE] [AsyncResolver-bootstrap-executor-%d] c.n.d.s.r.aws.ConfigClusterResolver      : Resolving eureka endpoints via configuration
2025-09-02T12:11:44.303+05:30  INFO 34212 --- [USER-AUTHENTICATION-SERVICE] [AsyncResolver-bootstrap-executor-%d] c.n.d.s.r.aws.ConfigClusterResolver      : Resolving eureka endpoints via configuration
2025-09-02T12:15:55.013+05:30  INFO 34212 --- [USER-AUTHENTICATION-SERVICE] [RMI TCP Connection(51)-127.0.0.1] inMXBeanRegistrar$SpringApplicationAdmin : Application shutdown requested.
2025-09-02T12:15:55.065+05:30  INFO 34212 --- [USER-AUTHENTICATION-SERVICE] [RMI TCP Connection(51)-127.0.0.1] o.s.c.n.e.s.EurekaServiceRegistry        : Unregistering application USER-AUTHENTICATION-SERVICE with eureka with status DOWN
2025-09-02T12:15:55.066+05:30  INFO 34212 --- [USER-AUTHENTICATION-SERVICE] [RMI TCP Connection(51)-127.0.0.1] com.netflix.discovery.DiscoveryClient    : Saw local status change event StatusChangeEvent [timestamp=1756795555066, current=DOWN, previous=UP]
2025-09-02T12:15:55.071+05:30  INFO 34212 --- [USER-AUTHENTICATION-SERVICE] [DiscoveryClient-InstanceInfoReplicator-%d] com.netflix.discovery.DiscoveryClient    : Saw local status change event StatusChangeEvent [timestamp=1756795555071, current=UP, previous=DOWN]
2025-09-02T12:15:55.071+05:30  INFO 34212 --- [USER-AUTHENTICATION-SERVICE] [DiscoveryClient-InstanceInfoReplicator-%d] com.netflix.discovery.DiscoveryClient    : DiscoveryClient_USER-AUTHENTICATION-SERVICE/KNRROHIT:USER-AUTHENTICATION-SERVICE:8087: registering service...
2025-09-02T12:15:55.098+05:30  INFO 34212 --- [USER-AUTHENTICATION-SERVICE] [RMI TCP Connection(52)-127.0.0.1] inMXBeanRegistrar$SpringApplicationAdmin : Application shutdown requested.
2025-09-02T12:15:55.126+05:30  INFO 34212 --- [USER-AUTHENTICATION-SERVICE] [DiscoveryClient-InstanceInfoReplicator-%d] com.netflix.discovery.DiscoveryClient    : DiscoveryClient_USER-AUTHENTICATION-SERVICE/KNRROHIT:USER-AUTHENTICATION-SERVICE:8087 - registration status: 204
2025-09-02T12:15:55.157+05:30  INFO 34212 --- [USER-AUTHENTICATION-SERVICE] [RMI TCP Connection(51)-127.0.0.1] o.s.b.w.e.tomcat.GracefulShutdown        : Commencing graceful shutdown. Waiting for active requests to complete
2025-09-02T12:15:55.193+05:30  INFO 34212 --- [USER-AUTHENTICATION-SERVICE] [tomcat-shutdown] o.s.b.w.e.tomcat.GracefulShutdown        : Graceful shutdown complete
2025-09-02T12:15:55.257+05:30  INFO 34212 --- [USER-AUTHENTICATION-SERVICE] [RMI TCP Connection(51)-127.0.0.1] j.LocalContainerEntityManagerFactoryBean : Closing JPA EntityManagerFactory for persistence unit 'default'
2025-09-02T12:15:55.333+05:30  INFO 34212 --- [USER-AUTHENTICATION-SERVICE] [RMI TCP Connection(51)-127.0.0.1] com.zaxxer.hikari.HikariDataSource       : HikariPool-1 - Shutdown initiated...
2025-09-02T12:15:55.357+05:30  INFO 34212 --- [USER-AUTHENTICATION-SERVICE] [RMI TCP Connection(51)-127.0.0.1] com.zaxxer.hikari.HikariDataSource       : HikariPool-1 - Shutdown completed.
2025-09-02T12:15:55.359+05:30  INFO 34212 --- [USER-AUTHENTICATION-SERVICE] [RMI TCP Connection(51)-127.0.0.1] com.netflix.discovery.DiscoveryClient    : Shutting down DiscoveryClient ...
2025-09-02T15:32:42.850+05:30  INFO 16620 --- [USER-AUTHENTICATION-SERVICE] [restartedMain] c.k.h.CarerOutfitServerApplication       : Starting CarerOutfitServerApplication using Java 21.0.7 with PID 16620 (C:\Users\91798\OneDrive\Documents\Wipro_Capstone_Project\Hospital_Management_Project_Backend\UserAuth-Server\target\classes started by 91798 in C:\Users\91798\OneDrive\Documents\Wipro_Capstone_Project\Hospital_Management_Project_Backend\UserAuth-Server)
2025-09-02T15:32:42.854+05:30  INFO 16620 --- [USER-AUTHENTICATION-SERVICE] [restartedMain] c.k.h.CarerOutfitServerApplication       : No active profile set, falling back to 1 default profile: "default"
2025-09-02T15:32:42.932+05:30  INFO 16620 --- [USER-AUTHENTICATION-SERVICE] [restartedMain] o.s.c.c.c.ConfigServerConfigDataLoader   : Fetching config from server at : http://localhost:9095
2025-09-02T15:32:42.933+05:30  INFO 16620 --- [USER-AUTHENTICATION-SERVICE] [restartedMain] o.s.c.c.c.ConfigServerConfigDataLoader   : Located environment: name=USER-AUTHENTICATION-SERVICE, profiles=[default], label=null, version=2a306f42ab3b9e04f501f001d92459029558860a, state=
2025-09-02T15:32:42.937+05:30  INFO 16620 --- [USER-AUTHENTICATION-SERVICE] [restartedMain] .e.DevToolsPropertyDefaultsPostProcessor : Devtools property defaults active! Set 'spring.devtools.add-properties' to 'false' to disable
2025-09-02T15:32:42.937+05:30  INFO 16620 --- [USER-AUTHENTICATION-SERVICE] [restartedMain] .e.DevToolsPropertyDefaultsPostProcessor : For additional web related logging consider setting the 'logging.level.web' property to 'DEBUG'
2025-09-02T15:32:44.938+05:30  INFO 16620 --- [USER-AUTHENTICATION-SERVICE] [restartedMain] .s.d.r.c.RepositoryConfigurationDelegate : Bootstrapping Spring Data JPA repositories in DEFAULT mode.
2025-09-02T15:32:45.226+05:30  INFO 16620 --- [USER-AUTHENTICATION-SERVICE] [restartedMain] .s.d.r.c.RepositoryConfigurationDelegate : Finished Spring Data repository scanning in 273 ms. Found 2 JPA repository interfaces.
2025-09-02T15:32:45.666+05:30  INFO 16620 --- [USER-AUTHENTICATION-SERVICE] [restartedMain] o.s.cloud.context.scope.GenericScope     : BeanFactory id=269bd026-4429-325d-8614-97e9ea6fb383
2025-09-02T15:32:46.612+05:30  INFO 16620 --- [USER-AUTHENTICATION-SERVICE] [restartedMain] o.s.b.w.embedded.tomcat.TomcatWebServer  : Tomcat initialized with port 8087 (http)
2025-09-02T15:32:46.646+05:30  INFO 16620 --- [USER-AUTHENTICATION-SERVICE] [restartedMain] o.apache.catalina.core.StandardService   : Starting service [Tomcat]
2025-09-02T15:32:46.646+05:30  INFO 16620 --- [USER-AUTHENTICATION-SERVICE] [restartedMain] o.apache.catalina.core.StandardEngine    : Starting Servlet engine: [Apache Tomcat/10.1.44]
2025-09-02T15:32:46.744+05:30  INFO 16620 --- [USER-AUTHENTICATION-SERVICE] [restartedMain] o.a.c.c.C.[Tomcat].[localhost].[/]       : Initializing Spring embedded WebApplicationContext
2025-09-02T15:32:46.745+05:30  INFO 16620 --- [USER-AUTHENTICATION-SERVICE] [restartedMain] w.s.c.ServletWebServerApplicationContext : Root WebApplicationContext: initialization completed in 3807 ms
2025-09-02T15:32:47.220+05:30  INFO 16620 --- [USER-AUTHENTICATION-SERVICE] [restartedMain] o.hibernate.jpa.internal.util.LogHelper  : HHH000204: Processing PersistenceUnitInfo [name: default]
2025-09-02T15:32:47.339+05:30  INFO 16620 --- [USER-AUTHENTICATION-SERVICE] [restartedMain] org.hibernate.Version                    : HHH000412: Hibernate ORM core version 6.6.26.Final
2025-09-02T15:32:47.411+05:30  INFO 16620 --- [USER-AUTHENTICATION-SERVICE] [restartedMain] o.h.c.internal.RegionFactoryInitiator    : HHH000026: Second-level cache disabled
2025-09-02T15:32:47.954+05:30  INFO 16620 --- [USER-AUTHENTICATION-SERVICE] [restartedMain] o.s.o.j.p.SpringPersistenceUnitInfo      : No LoadTimeWeaver setup: ignoring JPA class transformer
2025-09-02T15:32:48.009+05:30  INFO 16620 --- [USER-AUTHENTICATION-SERVICE] [restartedMain] com.zaxxer.hikari.HikariDataSource       : HikariPool-1 - Starting...
2025-09-02T15:32:48.701+05:30  INFO 16620 --- [USER-AUTHENTICATION-SERVICE] [restartedMain] com.zaxxer.hikari.pool.HikariPool        : HikariPool-1 - Added connection com.mysql.cj.jdbc.ConnectionImpl@5d3eec63
2025-09-02T15:32:48.704+05:30  INFO 16620 --- [USER-AUTHENTICATION-SERVICE] [restartedMain] com.zaxxer.hikari.HikariDataSource       : HikariPool-1 - Start completed.
2025-09-02T15:32:48.881+05:30  INFO 16620 --- [USER-AUTHENTICATION-SERVICE] [restartedMain] org.hibernate.orm.connections.pooling    : HHH10001005: Database info:
	Database JDBC URL [Connecting through datasource 'HikariDataSource (HikariPool-1)']
	Database driver: undefined/unknown
	Database version: 8.0.42
	Autocommit mode: undefined/unknown
	Isolation level: undefined/unknown
	Minimum pool size: undefined/unknown
	Maximum pool size: undefined/unknown
2025-09-02T15:32:50.415+05:30  INFO 16620 --- [USER-AUTHENTICATION-SERVICE] [restartedMain] o.h.e.t.j.p.i.JtaPlatformInitiator       : HHH000489: No JTA platform available (set 'hibernate.transaction.jta.platform' to enable JTA platform integration)
2025-09-02T15:32:50.627+05:30  INFO 16620 --- [USER-AUTHENTICATION-SERVICE] [restartedMain] j.LocalContainerEntityManagerFactoryBean : Initialized JPA EntityManagerFactory for persistence unit 'default'
2025-09-02T15:32:51.454+05:30 DEBUG 16620 --- [USER-AUTHENTICATION-SERVICE] [restartedMain] org.hibernate.SQL                        : 
    select
        u1_0.id,
        u1_0.email,
        u1_0.name,
        u1_0.password,
        u1_0.user_role 
    from
        user u1_0 
    where
        u1_0.user_role=?
2025-09-02T15:32:51.525+05:30  INFO 16620 --- [USER-AUTHENTICATION-SERVICE] [restartedMain] c.k.h.services.auth.AuthServiceImpl      : Admin account already exists
2025-09-02T15:32:51.606+05:30  INFO 16620 --- [USER-AUTHENTICATION-SERVICE] [restartedMain] eAuthenticationProviderManagerConfigurer : Global AuthenticationManager configured with AuthenticationProvider bean with name authenticationProvider
2025-09-02T15:32:51.723+05:30  WARN 16620 --- [USER-AUTHENTICATION-SERVICE] [restartedMain] JpaBaseConfiguration$JpaWebConfiguration : spring.jpa.open-in-view is enabled by default. Therefore, database queries may be performed during view rendering. Explicitly configure spring.jpa.open-in-view to disable this warning
2025-09-02T15:32:52.449+05:30  INFO 16620 --- [USER-AUTHENTICATION-SERVICE] [restartedMain] o.s.b.a.e.web.EndpointLinksResolver      : Exposing 17 endpoints beneath base path '/actuator'
2025-09-02T15:32:53.438+05:30  INFO 16620 --- [USER-AUTHENTICATION-SERVICE] [restartedMain] o.s.b.d.a.OptionalLiveReloadServer       : LiveReload server is running on port 35729
2025-09-02T15:32:53.491+05:30  INFO 16620 --- [USER-AUTHENTICATION-SERVICE] [restartedMain] DiscoveryClientOptionalArgsConfiguration : Eureka HTTP Client uses RestTemplate.
2025-09-02T15:32:53.564+05:30  WARN 16620 --- [USER-AUTHENTICATION-SERVICE] [restartedMain] iguration$LoadBalancerCaffeineWarnLogger : Spring Cloud LoadBalancer is currently working with the default cache. While this cache implementation is useful for development and tests, it's recommended to use Caffeine cache in production.You can switch to using Caffeine cache, by adding it and org.springframework.cache.caffeine.CaffeineCacheManager to the classpath.
2025-09-02T15:32:53.684+05:30  INFO 16620 --- [USER-AUTHENTICATION-SERVICE] [restartedMain] o.s.c.n.eureka.InstanceInfoFactory       : Setting initial instance status as: STARTING
2025-09-02T15:32:53.726+05:30  INFO 16620 --- [USER-AUTHENTICATION-SERVICE] [restartedMain] com.netflix.discovery.DiscoveryClient    : Initializing Eureka in region us-east-1
2025-09-02T15:32:53.733+05:30  INFO 16620 --- [USER-AUTHENTICATION-SERVICE] [restartedMain] c.n.d.s.r.aws.ConfigClusterResolver      : Resolving eureka endpoints via configuration
2025-09-02T15:32:53.748+05:30  INFO 16620 --- [USER-AUTHENTICATION-SERVICE] [restartedMain] com.netflix.discovery.DiscoveryClient    : Disable delta property : false
2025-09-02T15:32:53.748+05:30  INFO 16620 --- [USER-AUTHENTICATION-SERVICE] [restartedMain] com.netflix.discovery.DiscoveryClient    : Single vip registry refresh property : null
2025-09-02T15:32:53.748+05:30  INFO 16620 --- [USER-AUTHENTICATION-SERVICE] [restartedMain] com.netflix.discovery.DiscoveryClient    : Force full registry fetch : false
2025-09-02T15:32:53.749+05:30  INFO 16620 --- [USER-AUTHENTICATION-SERVICE] [restartedMain] com.netflix.discovery.DiscoveryClient    : Application is null : false
2025-09-02T15:32:53.749+05:30  INFO 16620 --- [USER-AUTHENTICATION-SERVICE] [restartedMain] com.netflix.discovery.DiscoveryClient    : Registered Applications size is zero : true
2025-09-02T15:32:53.749+05:30  INFO 16620 --- [USER-AUTHENTICATION-SERVICE] [restartedMain] com.netflix.discovery.DiscoveryClient    : Application version is -1: true
2025-09-02T15:32:53.749+05:30  INFO 16620 --- [USER-AUTHENTICATION-SERVICE] [restartedMain] com.netflix.discovery.DiscoveryClient    : Getting all instance registry info from the eureka server
2025-09-02T15:32:54.189+05:30  INFO 16620 --- [USER-AUTHENTICATION-SERVICE] [restartedMain] com.netflix.discovery.DiscoveryClient    : The response status is 200
2025-09-02T15:32:54.192+05:30  INFO 16620 --- [USER-AUTHENTICATION-SERVICE] [restartedMain] com.netflix.discovery.DiscoveryClient    : Starting heartbeat executor: renew interval is: 30
2025-09-02T15:32:54.195+05:30  INFO 16620 --- [USER-AUTHENTICATION-SERVICE] [restartedMain] c.n.discovery.InstanceInfoReplicator     : InstanceInfoReplicator onDemand update allowed rate per min is 4
2025-09-02T15:32:54.197+05:30  INFO 16620 --- [USER-AUTHENTICATION-SERVICE] [restartedMain] com.netflix.discovery.DiscoveryClient    : Discovery Client initialized at timestamp 1756807374197 with initial instances count: 1
2025-09-02T15:32:54.207+05:30  INFO 16620 --- [USER-AUTHENTICATION-SERVICE] [restartedMain] o.s.c.n.e.s.EurekaServiceRegistry        : Registering application USER-AUTHENTICATION-SERVICE with eureka with status UP
2025-09-02T15:32:54.208+05:30  INFO 16620 --- [USER-AUTHENTICATION-SERVICE] [restartedMain] com.netflix.discovery.DiscoveryClient    : Saw local status change event StatusChangeEvent [timestamp=1756807374208, current=UP, previous=STARTING]
2025-09-02T15:32:54.209+05:30  WARN 16620 --- [USER-AUTHENTICATION-SERVICE] [restartedMain] c.n.discovery.InstanceInfoReplicator     : Ignoring onDemand update due to rate limiter
2025-09-02T15:32:54.214+05:30  INFO 16620 --- [USER-AUTHENTICATION-SERVICE] [DiscoveryClient-InstanceInfoReplicator-%d] com.netflix.discovery.DiscoveryClient    : DiscoveryClient_USER-AUTHENTICATION-SERVICE/KNRROHIT:USER-AUTHENTICATION-SERVICE:8087: registering service...
2025-09-02T15:32:54.241+05:30  INFO 16620 --- [USER-AUTHENTICATION-SERVICE] [restartedMain] o.s.b.w.embedded.tomcat.TomcatWebServer  : Tomcat started on port 8087 (http) with context path '/'
2025-09-02T15:32:54.242+05:30  INFO 16620 --- [USER-AUTHENTICATION-SERVICE] [restartedMain] .s.c.n.e.s.EurekaAutoServiceRegistration : Updating port to 8087
2025-09-02T15:32:54.271+05:30  INFO 16620 --- [USER-AUTHENTICATION-SERVICE] [restartedMain] c.k.h.CarerOutfitServerApplication       : Started CarerOutfitServerApplication in 13.712 seconds (process running for 15.231)
2025-09-02T15:32:54.285+05:30  INFO 16620 --- [USER-AUTHENTICATION-SERVICE] [DiscoveryClient-InstanceInfoReplicator-%d] com.netflix.discovery.DiscoveryClient    : DiscoveryClient_USER-AUTHENTICATION-SERVICE/KNRROHIT:USER-AUTHENTICATION-SERVICE:8087 - registration status: 204
2025-09-02T15:32:54.886+05:30  INFO 16620 --- [USER-AUTHENTICATION-SERVICE] [RMI TCP Connection(4)-127.0.0.1] o.a.c.c.C.[Tomcat].[localhost].[/]       : Initializing Spring DispatcherServlet 'dispatcherServlet'
2025-09-02T15:32:54.886+05:30  INFO 16620 --- [USER-AUTHENTICATION-SERVICE] [RMI TCP Connection(4)-127.0.0.1] o.s.web.servlet.DispatcherServlet        : Initializing Servlet 'dispatcherServlet'
2025-09-02T15:32:54.889+05:30  INFO 16620 --- [USER-AUTHENTICATION-SERVICE] [RMI TCP Connection(4)-127.0.0.1] o.s.web.servlet.DispatcherServlet        : Completed initialization in 2 ms
2025-09-02T15:37:53.759+05:30  INFO 16620 --- [USER-AUTHENTICATION-SERVICE] [AsyncResolver-bootstrap-executor-%d] c.n.d.s.r.aws.ConfigClusterResolver      : Resolving eureka endpoints via configuration
2025-09-02T15:42:53.797+05:30  INFO 16620 --- [USER-AUTHENTICATION-SERVICE] [AsyncResolver-bootstrap-executor-%d] c.n.d.s.r.aws.ConfigClusterResolver      : Resolving eureka endpoints via configuration
2025-09-02T15:47:53.809+05:30  INFO 16620 --- [USER-AUTHENTICATION-SERVICE] [AsyncResolver-bootstrap-executor-%d] c.n.d.s.r.aws.ConfigClusterResolver      : Resolving eureka endpoints via configuration
2025-09-02T15:52:53.826+05:30  INFO 16620 --- [USER-AUTHENTICATION-SERVICE] [AsyncResolver-bootstrap-executor-%d] c.n.d.s.r.aws.ConfigClusterResolver      : Resolving eureka endpoints via configuration
2025-09-02T15:57:53.870+05:30  INFO 16620 --- [USER-AUTHENTICATION-SERVICE] [AsyncResolver-bootstrap-executor-%d] c.n.d.s.r.aws.ConfigClusterResolver      : Resolving eureka endpoints via configuration
2025-09-02T16:02:53.898+05:30  INFO 16620 --- [USER-AUTHENTICATION-SERVICE] [AsyncResolver-bootstrap-executor-%d] c.n.d.s.r.aws.ConfigClusterResolver      : Resolving eureka endpoints via configuration
2025-09-02T16:07:00.429+05:30  INFO 16620 --- [USER-AUTHENTICATION-SERVICE] [http-nio-8087-exec-1] c.k.h.config.JwtAuthenticationFilter     : Successful JWT authentication for user: anthony.miller@doctor.com with role: DOCTOR
2025-09-02T16:07:01.257+05:30  WARN 16620 --- [USER-AUTHENTICATION-SERVICE] [http-nio-8087-exec-1] .w.s.m.s.DefaultHandlerExceptionResolver : Resolved [org.springframework.web.bind.MethodArgumentNotValidException: Validation failed for argument [0] in public org.springframework.http.ResponseEntity<?> com.knr.hospital.controller.auth.AuthController.signupUser(com.knr.hospital.dto.SignupRequest): [Field error in object 'signupRequest' on field 'password': rejected value [rajpat@doctor.com]; codes [Pattern.signupRequest.password,Pattern.password,Pattern.java.lang.String,Pattern]; arguments [org.springframework.context.support.DefaultMessageSourceResolvable: codes [signupRequest.password,password]; arguments []; default message [password],[Ljakarta.validation.constraints.Pattern$Flag;@5568247d,^(?=.*[a-z])(?=.*[A-Z])(?=.*\d)(?=.*[@#$%^&+=*!?])[A-Za-z\d@#$%^&+=*!?]{8,20}$]; default message [Password must contain at least one uppercase, one lowercase, one digit, and one special character]] ]
2025-09-02T16:07:06.909+05:30  INFO 16620 --- [USER-AUTHENTICATION-SERVICE] [http-nio-8087-exec-2] c.k.h.config.JwtAuthenticationFilter     : Successful JWT authentication for user: anthony.miller@doctor.com with role: DOCTOR
2025-09-02T16:07:06.927+05:30  WARN 16620 --- [USER-AUTHENTICATION-SERVICE] [http-nio-8087-exec-2] .w.s.m.s.DefaultHandlerExceptionResolver : Resolved [org.springframework.web.bind.MethodArgumentNotValidException: Validation failed for argument [0] in public org.springframework.http.ResponseEntity<?> com.knr.hospital.controller.auth.AuthController.signupUser(com.knr.hospital.dto.SignupRequest): [Field error in object 'signupRequest' on field 'password': rejected value [rajpat@doctor.com]; codes [Pattern.signupRequest.password,Pattern.password,Pattern.java.lang.String,Pattern]; arguments [org.springframework.context.support.DefaultMessageSourceResolvable: codes [signupRequest.password,password]; arguments []; default message [password],[Ljakarta.validation.constraints.Pattern$Flag;@5568247d,^(?=.*[a-z])(?=.*[A-Z])(?=.*\d)(?=.*[@#$%^&+=*!?])[A-Za-z\d@#$%^&+=*!?]{8,20}$]; default message [Password must contain at least one uppercase, one lowercase, one digit, and one special character]] ]
2025-09-02T16:07:29.575+05:30  INFO 16620 --- [USER-AUTHENTICATION-SERVICE] [http-nio-8087-exec-3] c.k.h.config.JwtAuthenticationFilter     : Successful JWT authentication for user: anthony.miller@doctor.com with role: DOCTOR
2025-09-02T16:07:29.888+05:30 DEBUG 16620 --- [USER-AUTHENTICATION-SERVICE] [http-nio-8087-exec-3] org.hibernate.SQL                        : 
    select
        u1_0.id,
        u1_0.email,
        u1_0.name,
        u1_0.password,
        u1_0.user_role 
    from
        user u1_0 
    where
        u1_0.email=? 
    limit
        ?
2025-09-02T16:07:54.024+05:30  INFO 16620 --- [USER-AUTHENTICATION-SERVICE] [AsyncResolver-bootstrap-executor-%d] c.n.d.s.r.aws.ConfigClusterResolver      : Resolving eureka endpoints via configuration
2025-09-02T16:08:04.969+05:30 DEBUG 16620 --- [USER-AUTHENTICATION-SERVICE] [http-nio-8087-exec-4] org.hibernate.SQL                        : 
    select
        u1_0.id,
        u1_0.email,
        u1_0.name,
        u1_0.password,
        u1_0.user_role 
    from
        user u1_0 
    where
        u1_0.email=? 
    limit
        ?
2025-09-02T16:08:05.150+05:30 DEBUG 16620 --- [USER-AUTHENTICATION-SERVICE] [http-nio-8087-exec-4] org.hibernate.SQL                        : 
    select
        u1_0.id,
        u1_0.email,
        u1_0.name,
        u1_0.password,
        u1_0.user_role 
    from
        user u1_0 
    where
        u1_0.email=? 
    limit
        ?
2025-09-02T16:08:05.157+05:30 DEBUG 16620 --- [USER-AUTHENTICATION-SERVICE] [http-nio-8087-exec-4] org.hibernate.SQL                        : 
    select
        u1_0.id,
        u1_0.email,
        u1_0.name,
        u1_0.password,
        u1_0.user_role 
    from
        user u1_0 
    where
        u1_0.email=? 
    limit
        ?
2025-09-02T16:10:47.108+05:30  INFO 16620 --- [USER-AUTHENTICATION-SERVICE] [http-nio-8087-exec-6] c.k.h.config.JwtAuthenticationFilter     : Successful JWT authentication for user: ramesh.varma@example.com with role: DOCTOR
2025-09-02T16:10:47.208+05:30 DEBUG 16620 --- [USER-AUTHENTICATION-SERVICE] [http-nio-8087-exec-6] org.hibernate.SQL                        : 
    select
        u1_0.id,
        u1_0.email,
        u1_0.name,
        u1_0.password,
        u1_0.user_role 
    from
        user u1_0 
    where
        u1_0.email=? 
    limit
        ?
2025-09-02T16:10:47.538+05:30 DEBUG 16620 --- [USER-AUTHENTICATION-SERVICE] [http-nio-8087-exec-6] org.hibernate.SQL                        : 
    select
        u1_0.id,
        u1_0.email,
        u1_0.name,
        u1_0.password,
        u1_0.user_role 
    from
        user u1_0 
    where
        u1_0.email=? 
    limit
        ?
2025-09-02T16:10:47.544+05:30 DEBUG 16620 --- [USER-AUTHENTICATION-SERVICE] [http-nio-8087-exec-6] org.hibernate.SQL                        : 
    select
        u1_0.id,
        u1_0.email,
        u1_0.name,
        u1_0.password,
        u1_0.user_role 
    from
        user u1_0 
    where
        u1_0.email=? 
    limit
        ?
2025-09-02T16:12:54.037+05:30  INFO 16620 --- [USER-AUTHENTICATION-SERVICE] [AsyncResolver-bootstrap-executor-%d] c.n.d.s.r.aws.ConfigClusterResolver      : Resolving eureka endpoints via configuration
2025-09-02T16:17:54.078+05:30  INFO 16620 --- [USER-AUTHENTICATION-SERVICE] [AsyncResolver-bootstrap-executor-%d] c.n.d.s.r.aws.ConfigClusterResolver      : Resolving eureka endpoints via configuration
2025-09-02T16:20:34.934+05:30 DEBUG 16620 --- [USER-AUTHENTICATION-SERVICE] [http-nio-8087-exec-8] org.hibernate.SQL                        : 
    select
        u1_0.id,
        u1_0.email,
        u1_0.name,
        u1_0.password,
        u1_0.user_role 
    from
        user u1_0 
    where
        u1_0.email=? 
    limit
        ?
2025-09-02T16:20:35.098+05:30 DEBUG 16620 --- [USER-AUTHENTICATION-SERVICE] [http-nio-8087-exec-8] org.hibernate.SQL                        : 
    select
        u1_0.id,
        u1_0.email,
        u1_0.name,
        u1_0.password,
        u1_0.user_role 
    from
        user u1_0 
    where
        u1_0.email=? 
    limit
        ?
2025-09-02T16:20:35.962+05:30 DEBUG 16620 --- [USER-AUTHENTICATION-SERVICE] [http-nio-8087-exec-8] org.hibernate.SQL                        : 
    insert 
    into
        user
        (email, name, password, user_role) 
    values
        (?, ?, ?, ?)
2025-09-02T16:20:36.145+05:30  INFO 16620 --- [USER-AUTHENTICATION-SERVICE] [http-nio-8087-exec-8] c.k.h.services.auth.AuthServiceImpl      : User signed up: rohit@gmail.com with role PATIENT
2025-09-02T16:21:01.739+05:30 DEBUG 16620 --- [USER-AUTHENTICATION-SERVICE] [http-nio-8087-exec-9] org.hibernate.SQL                        : 
    select
        u1_0.id,
        u1_0.email,
        u1_0.name,
        u1_0.password,
        u1_0.user_role 
    from
        user u1_0 
    where
        u1_0.email=? 
    limit
        ?
2025-09-02T16:21:03.189+05:30 DEBUG 16620 --- [USER-AUTHENTICATION-SERVICE] [http-nio-8087-exec-10] org.hibernate.SQL                        : 
    select
        u1_0.id,
        u1_0.email,
        u1_0.name,
        u1_0.password,
        u1_0.user_role 
    from
        user u1_0 
    where
        u1_0.email=? 
    limit
        ?
2025-09-02T16:22:54.122+05:30  INFO 16620 --- [USER-AUTHENTICATION-SERVICE] [AsyncResolver-bootstrap-executor-%d] c.n.d.s.r.aws.ConfigClusterResolver      : Resolving eureka endpoints via configuration
2025-09-02T16:27:54.176+05:30  INFO 16620 --- [USER-AUTHENTICATION-SERVICE] [AsyncResolver-bootstrap-executor-%d] c.n.d.s.r.aws.ConfigClusterResolver      : Resolving eureka endpoints via configuration
2025-09-02T16:32:54.242+05:30  INFO 16620 --- [USER-AUTHENTICATION-SERVICE] [AsyncResolver-bootstrap-executor-%d] c.n.d.s.r.aws.ConfigClusterResolver      : Resolving eureka endpoints via configuration
2025-09-02T16:37:54.280+05:30  INFO 16620 --- [USER-AUTHENTICATION-SERVICE] [AsyncResolver-bootstrap-executor-%d] c.n.d.s.r.aws.ConfigClusterResolver      : Resolving eureka endpoints via configuration
2025-09-02T16:42:54.400+05:30  INFO 16620 --- [USER-AUTHENTICATION-SERVICE] [AsyncResolver-bootstrap-executor-%d] c.n.d.s.r.aws.ConfigClusterResolver      : Resolving eureka endpoints via configuration
2025-09-02T16:47:54.468+05:30  INFO 16620 --- [USER-AUTHENTICATION-SERVICE] [AsyncResolver-bootstrap-executor-%d] c.n.d.s.r.aws.ConfigClusterResolver      : Resolving eureka endpoints via configuration
2025-09-02T16:52:54.529+05:30  INFO 16620 --- [USER-AUTHENTICATION-SERVICE] [AsyncResolver-bootstrap-executor-%d] c.n.d.s.r.aws.ConfigClusterResolver      : Resolving eureka endpoints via configuration
2025-09-02T16:57:54.612+05:30  INFO 16620 --- [USER-AUTHENTICATION-SERVICE] [AsyncResolver-bootstrap-executor-%d] c.n.d.s.r.aws.ConfigClusterResolver      : Resolving eureka endpoints via configuration
2025-09-02T17:02:54.665+05:30  INFO 16620 --- [USER-AUTHENTICATION-SERVICE] [AsyncResolver-bootstrap-executor-%d] c.n.d.s.r.aws.ConfigClusterResolver      : Resolving eureka endpoints via configuration
2025-09-02T17:07:54.990+05:30  INFO 16620 --- [USER-AUTHENTICATION-SERVICE] [AsyncResolver-bootstrap-executor-%d] c.n.d.s.r.aws.ConfigClusterResolver      : Resolving eureka endpoints via configuration
2025-09-02T17:12:55.058+05:30  INFO 16620 --- [USER-AUTHENTICATION-SERVICE] [AsyncResolver-bootstrap-executor-%d] c.n.d.s.r.aws.ConfigClusterResolver      : Resolving eureka endpoints via configuration
2025-09-02T17:17:55.097+05:30  INFO 16620 --- [USER-AUTHENTICATION-SERVICE] [AsyncResolver-bootstrap-executor-%d] c.n.d.s.r.aws.ConfigClusterResolver      : Resolving eureka endpoints via configuration
2025-09-02T17:22:55.108+05:30  INFO 16620 --- [USER-AUTHENTICATION-SERVICE] [AsyncResolver-bootstrap-executor-%d] c.n.d.s.r.aws.ConfigClusterResolver      : Resolving eureka endpoints via configuration
2025-09-02T17:27:55.148+05:30  INFO 16620 --- [USER-AUTHENTICATION-SERVICE] [AsyncResolver-bootstrap-executor-%d] c.n.d.s.r.aws.ConfigClusterResolver      : Resolving eureka endpoints via configuration
2025-09-02T17:32:55.190+05:30  INFO 16620 --- [USER-AUTHENTICATION-SERVICE] [AsyncResolver-bootstrap-executor-%d] c.n.d.s.r.aws.ConfigClusterResolver      : Resolving eureka endpoints via configuration
2025-09-02T17:38:03.064+05:30  INFO 16620 --- [USER-AUTHENTICATION-SERVICE] [AsyncResolver-bootstrap-executor-%d] c.n.d.s.r.aws.ConfigClusterResolver      : Resolving eureka endpoints via configuration
2025-09-02T17:43:03.102+05:30  INFO 16620 --- [USER-AUTHENTICATION-SERVICE] [AsyncResolver-bootstrap-executor-%d] c.n.d.s.r.aws.ConfigClusterResolver      : Resolving eureka endpoints via configuration
2025-09-02T17:48:03.144+05:30  INFO 16620 --- [USER-AUTHENTICATION-SERVICE] [AsyncResolver-bootstrap-executor-%d] c.n.d.s.r.aws.ConfigClusterResolver      : Resolving eureka endpoints via configuration
2025-09-02T17:53:03.176+05:30  INFO 16620 --- [USER-AUTHENTICATION-SERVICE] [AsyncResolver-bootstrap-executor-%d] c.n.d.s.r.aws.ConfigClusterResolver      : Resolving eureka endpoints via configuration
